21:49:10,500 INF main: /sbin/anaconda 29.19.1.13-1.el8
21:49:11,119 INF isys: 4217984 kB (4119 MB) are available
21:49:11,148 INF startup_utils: check_memory(): total:4119, needed:320, graphical:410
21:49:11,164 INF main: anaconda called with cmdline = ['/sbin/anaconda']
21:49:11,167 INF main: Default encoding = utf-8 
21:49:11,194 INF dbus.connection: Connecting to a default bus at unix:abstract=/tmp/dbus-tOYmyK3XB4,guid=4fa338e446be5d53da75f4075e1ce5d7.
21:49:12,160 INF startup_utils: Waiting 600 sec for modules to be started.
21:49:13,167 INF startup_utils: Waiting 599 sec for modules to be started.
21:49:14,173 INF startup_utils: Waiting 598 sec for modules to be started.
21:49:15,178 INF startup_utils: Waiting 597 sec for modules to be started.
21:49:16,445 INF startup_utils: Parsing kickstart: /run/install/ks.cfg
21:49:17,751 WRN kickstart: Command keyboard will be parsed in DBus module.
21:49:17,752 WRN kickstart: Command rootpw will be parsed in DBus module.
21:49:17,754 WRN kickstart: Command lang will be parsed in DBus module.
21:49:17,755 WRN kickstart: Command firewall will be parsed in DBus module.
21:49:17,761 WRN kickstart: Command timezone will be parsed in DBus module.
21:49:17,762 WRN kickstart: Command selinux will be parsed in DBus module.
21:49:17,763 WRN kickstart: Command bootloader will be parsed in DBus module.
21:49:17,769 INF bootloader: bootloader Aarch64EFIGRUB on Aarch64EFI platform
21:49:17,777 WRN kickstart: Command autopart will be parsed in DBus module.
21:49:17,778 WRN kickstart: Command zerombr will be parsed in DBus module.
21:49:17,779 WRN kickstart: Command clearpart will be parsed in DBus module.
21:49:18,931 DBG localization: setting locale to: en_US.UTF-8
21:49:18,954 DBG network: devices found ['enp1s0']
21:49:18,985 DBG network: ensure single initramfs connections
21:49:19,106 DBG network: apply kickstart
21:49:19,299 DBG network: pre kickstart - updating settings of device enp1s0
21:49:19,551 DBG network: pre kickstart - activating connection 4490684f-9c8a-4970-b94c-342a32c915c6 for enp1s0
21:49:19,594 DBG network: kickstart pre section applied for devices ['enp1s0']
21:49:19,635 DBG network: create missing ifcfg files
21:49:19,962 DBG network: set real ONBOOT value
21:49:20,021 DBG network: setting ONBOOT value of enp1s0 to True
21:49:20,172 DBG network: real kickstart ONBOOT value set for devices ['enp1s0']
21:49:20,218 INF threading: Running Thread: AnaWaitForConnectingNMThread (281473011937760)
21:49:20,223 DBG anaconda: setting display mode to TUI
21:49:20,249 WRN stdout: Not asking for VNC because of an automated install
21:49:20,250 WRN stdout: Not asking for VNC because text mode was explicitly asked for in kickstart
21:49:20,251 INF anaconda: Display mode is set to 'interactive text mode'.
21:49:20,254 INF isys: 4217984 kB (4119 MB) are available
21:49:20,269 INF startup_utils: check_memory(): total:4119, needed:320, graphical:410
21:49:20,363 INF network: got 0 NTP servers from DHCP
21:49:20,376 INF threading: Thread Done: AnaWaitForConnectingNMThread (281473011937760)
21:49:20,531 DBG storage: trying to set new default /boot fstype to 'ext4'
21:49:20,551 DBG installclass: Searching /usr/lib64/python3.6/site-packages/pyanaconda/installclasses.
21:49:20,586 DBG installclass: Found Fedora Workstation (FedoraWorkstationInstallClass).
21:49:20,587 DBG installclass: Found CentOS Linux (CentOSBaseInstallClass).
21:49:20,588 DBG installclass: Found Scientific Linux (ScientificBaseInstallClass).
21:49:20,588 DBG installclass: Found Fedora (FedoraBaseInstallClass).
21:49:20,589 DBG installclass: Found Atomic Host (AtomicHostInstallClass).
21:49:20,590 DBG installclass: Found oVirt Node Next (OvirtInstallClass).
21:49:20,590 DBG installclass: Found Red Hat Virtualization (RHEVInstallClass).
21:49:20,591 DBG installclass: Found Red Hat Enterprise Linux (DefaultInstallClass).
21:49:20,592 DBG installclass: Found Red Hat Enterprise Linux (RHELBaseInstallClass).
21:49:20,592 DBG installclass: Found Fedora Server (FedoraServerInstallClass).
21:49:20,593 INF installclass: Using a visible install class CentOS Linux (CentOSBaseInstallClass).
21:49:22,269 DBG payload: getting release version from tree at None (8)
21:49:22,269 DBG payload: using default release version of 8
21:49:22,281 INF bootloader: bootloader Aarch64EFIGRUB on Aarch64EFI platform
21:49:22,284 INF autopart: Detected 4.02 GiB of memory
21:49:22,288 INF autopart: Suggested swap size (4.02 GiB) exceeds 10 % of disk space, using 10 % of disk space (0.0) instead.
21:49:22,289 INF autopart: Swap attempt of 0.0
21:49:22,506 DBG storage_utils: LABEL=OEMDRV matches [] for devicetree=None and disks_only=True
21:49:22,509 INF threading: Running Thread: AnaStorageThread (281473011937760)
21:49:22,520 INF threading: Running Thread: AnaTimeInitThread (281472979956192)
21:49:22,630 DBG payload: Restarting payload thread
21:49:22,631 INF threading: Running Thread: AnaPayloadRestartThread (281472971502048)
21:49:22,632 INF geoloc: Geolocation is disabled due to automated kickstart based installation.
21:49:22,636 INF threading: Running Thread: AnaPayloadThread (281472963047904)
21:49:22,637 DBG payload: Updating payload thread state: 0
21:49:22,638 DBG payload: Updating payload thread state: 1
21:49:22,644 INF threading: Thread Done: AnaPayloadRestartThread (281472971502048)
21:49:22,677 DBG simpleline: GLib event loop is used!
21:49:23,026 INF threading: Thread Done: AnaTimeInitThread (281472979956192)
21:49:23,083 INF core.util: Skipping detection of unsupported hardware.
21:49:23,084 INF core.util: Skipping detection of SMT.
21:49:23,331 INF lifecycle: Adding controller: SummaryHub
21:49:23,351 INF lifecycle: Module initialized: TimeSpoke
21:49:24,506 INF lifecycle: Module initialized: LangSpoke
21:49:24,511 INF threading: Running Thread: AnaSourceWatcher (281472979956192)
21:49:24,514 INF threading: Running Thread: AnaSoftwareWatcher (281472971502048)
21:49:24,561 INF threading: Running Thread: AnaStorageWatcher (281472954593760)
21:49:25,189 INF lifecycle: Module initialized: NetworkSpoke
21:49:25,203 INF lifecycle: Module initialized: PasswordSpoke
21:49:25,219 WRN ui.tui.hubs: Spoke PasswordSpoke initialization failure!
21:49:25,225 INF lifecycle: Module initialized: UserSpoke
21:49:25,228 INF lifecycle: Initialization of all modules (8) has been started.
21:49:26,202 INF bootloader: bootloader Aarch64EFIGRUB on Aarch64EFI platform
21:49:26,346 INF threading: Thread Done: AnaStorageThread (281473011937760)
21:49:26,347 DBG payload: Updating payload thread state: 2
21:49:26,348 DBG payload: Updating payload thread state: 4
21:49:26,410 DBG storage: onlyuse is now: vda
21:49:26,412 INF lifecycle: Module initialized: StorageSpoke
21:49:26,415 INF threading: Thread Done: AnaStorageWatcher (281472954593760)
21:49:26,418 DBG payload: retrieving treeinfo from http://qa.centos.org/centos/8/BaseOS/aarch64/os/ (proxy:  ; sslverify: True)
21:49:26,460 DBG payload: getting release version from tree at http://qa.centos.org/centos/8/BaseOS/aarch64/os/ (8)
21:49:26,460 DBG payload: using treeinfo release version of 8
21:49:26,911 DBG payload: Updating payload thread state: 5
21:49:42,720 INF payload: Refreshing environmentAddons
21:49:43,044 DBG payload: Updating payload thread state: 6
21:49:43,045 DBG ui.tui.spokes.software_selection: Payload restarted, set new info and clear the old one.
21:49:43,045 INF threading: Thread Done: AnaPayloadThread (281472963047904)
21:49:43,046 INF lifecycle: Module initialized: SourceSpoke
21:49:43,049 INF threading: Thread Done: AnaSourceWatcher (281472979956192)
21:49:43,050 DBG ui.tui.spokes.software_selection: Apply called old env None, new env None and addons set()
21:49:43,051 INF lifecycle: Module initialized: SoftwareSpoke
21:49:43,054 INF lifecycle: All modules have been initialized.
21:49:43,054 INF threading: Thread Done: AnaSoftwareWatcher (281472971502048)
21:49:43,318 DBG storage: clearpart: initializing vda
21:49:43,460 DBG kickstart.kickstart.bootloader: Execute the bootloader with dry run True.
21:49:43,472 DBG kickstart.kickstart.bootloader: Bootloader is not enabled, skipping.
21:49:43,493 DBG autopart: do_autopart: True
21:49:43,493 DBG autopart: encrypted_autopart: False
21:49:43,494 DBG autopart: autopart_type: 0
21:49:43,495 DBG autopart: clear_part_type: 1
21:49:43,495 DBG autopart: clear_part_disks: []
21:49:43,496 DBG autopart: autopart_requests:
PartSpec instance (0xffff8a1abd30) -- 
  mountpoint = /  lv = True  thin = True  btrfs = True
  weight = 0  fstype = ext4  encrypted = True
  size = 1024 MiB  max_size = 50 GiB  grow = True
PartSpec instance (0xffff8a1abd68) -- 
  mountpoint = /boot/efi  lv = False  thin = False  btrfs = False
  weight = 0  fstype = efi  encrypted = False
  size = 200 MiB  max_size = 600 MiB  grow = True

21:49:43,498 DBG autopart: storage.disks: ['vda']
21:49:43,499 DBG autopart: storage.partitioned: ['vda']
21:49:43,500 DBG autopart: all names: ['/LiveOS/rootfs.img', '/overlay (deleted)', '/tmp/curl_fetch_url1/install.img (deleted)', 'live-base', 'live-rw', 'loop0', 'loop1', 'loop2', 'vda']
21:49:43,501 DBG autopart: boot disk: None
21:49:43,506 DBG autopart: candidate disks: [DiskDevice instance (0xffff8947ea90) --
  name = vda  status = True  id = 4
  children = []
  parents = []
  uuid = None  size = 10 GiB
  format = non-existent gpt disklabel
  major = 252  minor = 0  exists = True  protected = False
  sysfs path = /sys/devices/pci0000:00/0000:00:01.2/0000:03:00.0/virtio2/block/vda
  target size = 10 GiB  path = /dev/vda
  format args = []  original_format = None  removable = False  wwn = None]
21:49:43,512 DBG autopart: devs: []
21:49:43,565 INF autopart: skipping unneeded stage1 efi request
21:49:43,566 DBG autopart: PartSpec instance (0xffff8a1abd68) -- 
  mountpoint = /boot/efi  lv = False  thin = False  btrfs = False
  weight = 0  fstype = efi  encrypted = False
  size = 200 MiB  max_size = 600 MiB  grow = True

21:49:43,569 DBG autopart: None
21:49:43,781 INF storage: user specified that bootloader install be skipped
21:49:43,797 DBG storage_utils: Available memory: 1.93 GiB
21:49:43,822 DBG kickstart.kickstart.autopart: Storage check started with constraints {'min_ram': 320, 'min_root': Size (250 MiB), 'min_partition_sizes': {'/usr': Size (250 MiB), '/tmp': Size (50 MiB), '/var': Size (384 MiB), '/home': Size (100 MiB), '/boot': Size (200 MiB)}, 'must_be_on_linuxfs': {'/usr/share', '/home', '/tmp', '/usr', '/var', '/usr/lib', '/'}, 'must_be_on_root': {'lost+found', '/mnt', '/bin', '/sbin', '/proc', '/lib', '/dev', '/etc', '/root'}, 'root_device_types': set(), 'req_partition_sizes': {}, 'must_not_be_on_root': set(), 'swap_is_recommended': False, 'luks2_min_ram': Size (128 MiB)}.
21:49:43,823 DBG kickstart.kickstart.autopart: Run sanity check verify_root.
21:49:43,823 DBG kickstart.kickstart.autopart: Run sanity check verify_s390_constraints.
21:49:43,824 DBG kickstart.kickstart.autopart: Run sanity check verify_partition_sizes.
21:49:43,825 DBG kickstart.kickstart.autopart: Run sanity check verify_partition_format_sizes.
21:49:43,825 DBG kickstart.kickstart.autopart: Run sanity check verify_bootloader.
21:49:43,826 DBG kickstart.kickstart.autopart: Run sanity check verify_gpt_biosboot.
21:49:43,827 DBG kickstart.kickstart.autopart: Run sanity check verify_swap.
21:49:43,827 DBG kickstart.kickstart.autopart: Run sanity check verify_swap_uuid.
21:49:43,828 DBG kickstart.kickstart.autopart: Run sanity check verify_mountpoints_on_linuxfs.
21:49:43,829 DBG kickstart.kickstart.autopart: Run sanity check verify_mountpoints_on_root.
21:49:43,829 DBG kickstart.kickstart.autopart: Run sanity check verify_mountpoints_not_on_root.
21:49:43,830 DBG kickstart.kickstart.autopart: Run sanity check verify_luks_devices_have_key.
21:49:43,831 DBG kickstart.kickstart.autopart: Run sanity check verify_luks2_memory_requirements.
21:49:43,831 DBG kickstart.kickstart.autopart: Run sanity check verify_mounted_partitions.
21:49:43,832 DBG kickstart.kickstart.autopart: Storage check finished with success.
21:49:43,840 INF storage: user specified that bootloader install be skipped
21:49:43,856 DBG storage_utils: Available memory: 1.93 GiB
21:49:43,879 DBG ui.tui.spokes.storage: Storage check started with constraints {'min_ram': 320, 'min_root': Size (250 MiB), 'min_partition_sizes': {'/usr': Size (250 MiB), '/tmp': Size (50 MiB), '/var': Size (384 MiB), '/home': Size (100 MiB), '/boot': Size (200 MiB)}, 'must_be_on_linuxfs': {'/usr/share', '/home', '/tmp', '/usr', '/var', '/usr/lib', '/'}, 'must_be_on_root': {'lost+found', '/mnt', '/bin', '/sbin', '/proc', '/lib', '/dev', '/etc', '/root'}, 'root_device_types': set(), 'req_partition_sizes': {}, 'must_not_be_on_root': set(), 'swap_is_recommended': False, 'luks2_min_ram': Size (128 MiB)}.
21:49:43,879 DBG ui.tui.spokes.storage: Run sanity check verify_root.
21:49:43,880 DBG ui.tui.spokes.storage: Run sanity check verify_s390_constraints.
21:49:43,881 DBG ui.tui.spokes.storage: Run sanity check verify_partition_sizes.
21:49:43,881 DBG ui.tui.spokes.storage: Run sanity check verify_partition_format_sizes.
21:49:43,882 DBG ui.tui.spokes.storage: Run sanity check verify_bootloader.
21:49:43,883 DBG ui.tui.spokes.storage: Run sanity check verify_gpt_biosboot.
21:49:43,883 DBG ui.tui.spokes.storage: Run sanity check verify_swap.
21:49:43,884 DBG ui.tui.spokes.storage: Run sanity check verify_swap_uuid.
21:49:43,885 DBG ui.tui.spokes.storage: Run sanity check verify_mountpoints_on_linuxfs.
21:49:43,885 DBG ui.tui.spokes.storage: Run sanity check verify_mountpoints_on_root.
21:49:43,886 DBG ui.tui.spokes.storage: Run sanity check verify_mountpoints_not_on_root.
21:49:43,886 DBG ui.tui.spokes.storage: Run sanity check verify_luks_devices_have_key.
21:49:43,887 DBG ui.tui.spokes.storage: Run sanity check verify_luks2_memory_requirements.
21:49:43,888 DBG ui.tui.spokes.storage: Run sanity check verify_mounted_partitions.
21:49:43,888 DBG ui.tui.spokes.storage: Storage check finished with success.
21:49:43,920 DBG simpleline: Scheduling screen SummaryHub
21:49:43,923 DBG simpleline: New signal RenderScreenSignal enqueued with source ScreenScheduler
21:49:43,925 DBG simpleline: Scheduling screen ProgressSpoke
21:49:43,927 DBG simpleline: Starting main loop
21:49:43,929 DBG simpleline: Processing screen ScreenData(SummaryHub,None,False)
21:49:43,983 DBG payload: Source http://qa.centos.org/centos/8/BaseOS/aarch64/os/ needs network for installation
21:49:44,160 DBG simpleline: Input is required by ScreenData(SummaryHub,None,False) screen
21:49:44,169 DBG payload: Source http://qa.centos.org/centos/8/BaseOS/aarch64/os/ needs network for installation
21:49:44,246 INF ui.lib.space: fs space: 8.5 GiB  needed: 2.79 GiB
21:49:44,247 DBG simpleline: New signal CloseScreenSignal enqueued with source SummaryHub
21:49:44,249 DBG simpleline: Closing screen ScreenData(SummaryHub,None,False) from SummaryHub
21:49:44,250 DBG simpleline: New signal RenderScreenSignal enqueued with source ScreenScheduler
21:49:44,251 DBG simpleline: Processing screen ScreenData(ProgressSpoke,None,False)
21:49:44,282 INF threading: Running Thread: AnaInstallThread (281472971502048)
21:49:44,310 INF installation: Top-level task queue: Installation queue
Number of task queues: 8
Number of tasks: 17
Task & task group listing:
 Task: Save system time to HW clock
 Task queue: Installation environment setup
  Task: Setup addons
 Task queue: Early storage configuration
  Task: Insert custom storage to ksdata
  Task: Run pre-storage tasks
  Task: Activate filesystems
  Task: Write early storage
 Task queue: Pre-install scripts
  Task: Run %pre-install scripts
 Task queue: Realm discover
  Task: Discover realm to join
 Task queue: Pre install tasks
  Task: Setup authselect
  Task: Setup firewall
  Task: Setup network
  Task: Setup timezone
  Task: Copy /resolv.conf to sysroot
  Task: Find additional packages & run preInstall()
 Task queue: Payload installation
  Task: Install the payload
 Task queue: Late storage configuration
  Task: Write late storage
 Task queue: Post-installation setup tasks
  Task: Run post-installation setup tasks
21:49:44,312 INF installation: Task started: Save system time to HW clock (1/17)
21:49:44,503 INF progress: Save system time to HW clock
21:49:44,504 DBG installation: Task completed: Save system time to HW clock (1/17) (0.2 s)
21:49:44,505 INF installation: Queue started: Installation environment setup (1/8)
21:49:44,507 INF progress: Setting up the installation environment
21:49:44,508 INF installation: Task started: Setup addons (2/17)
21:49:44,525 INF progress: Setup addons
21:49:44,526 DBG installation: Task completed: Setup addons (2/17) (0.0 s)
21:49:44,527 INF installation: Queue started: Early storage configuration (2/8)
21:49:44,529 INF progress: Configuring storage
21:49:44,529 INF installation: Task started: Insert custom storage to ksdata (3/17)
21:49:44,584 INF progress: Insert custom storage to ksdata
21:49:44,585 DBG installation: Task completed: Insert custom storage to ksdata (3/17) (0.1 s)
21:49:44,585 INF installation: Task started: Run pre-storage tasks (4/17)
21:49:44,586 INF progress: Run pre-storage tasks
21:49:44,587 DBG installation: Task completed: Run pre-storage tasks (4/17) (0.0 s)
21:49:44,588 INF installation: Task started: Activate filesystems (5/17)
21:49:45,017 INF progress: Creating disklabel on /dev/vda
21:49:45,692 INF progress: Creating ext4 on /dev/vda1
21:49:50,406 INF progress: Activate filesystems
21:49:50,407 DBG installation: Task completed: Activate filesystems (5/17) (5.8 s)
21:49:50,408 INF installation: Task started: Write early storage (6/17)
21:49:50,419 INF storage: not writing out mpath configuration
21:49:50,420 INF progress: Write early storage
21:49:50,421 DBG installation: Task completed: Write early storage (6/17) (0.0 s)
21:49:50,422 INF installation: Queue started: Pre-install scripts (3/8)
21:49:50,423 INF progress: Running pre-installation scripts
21:49:50,424 INF installation: Task started: Run %pre-install scripts (7/17)
21:49:50,425 INF progress: Run %pre-install scripts
21:49:50,426 DBG installation: Task completed: Run %pre-install scripts (7/17) (0.0 s)
21:49:50,427 INF installation: Queue started: Realm discover (4/8)
21:49:50,428 INF progress: Discovering realm to join
21:49:50,429 INF installation: Task started: Discover realm to join (8/17)
21:49:50,442 INF progress: Discover realm to join
21:49:50,443 DBG installation: Task completed: Discover realm to join (8/17) (0.0 s)
21:49:50,444 INF installation: Queue started: Pre install tasks (5/8)
21:49:50,445 INF progress: Running pre-installation tasks
21:49:50,446 INF installation: Task started: Setup authselect (9/17)
21:49:50,460 INF progress: Setup authselect
21:49:50,460 DBG installation: Task completed: Setup authselect (9/17) (0.0 s)
21:49:50,461 INF installation: Task started: Setup firewall (10/17)
21:49:50,470 INF progress: Setup firewall
21:49:50,471 DBG installation: Task completed: Setup firewall (10/17) (0.0 s)
21:49:50,472 INF installation: Task started: Setup network (11/17)
21:49:50,506 INF progress: Setup network
21:49:50,506 DBG installation: Task completed: Setup network (11/17) (0.0 s)
21:49:50,507 INF installation: Task started: Setup timezone (12/17)
21:49:50,580 INF progress: Setup timezone
21:49:50,580 DBG installation: Task completed: Setup timezone (12/17) (0.1 s)
21:49:50,581 INF installation: Task started: Copy /resolv.conf to sysroot (13/17)
21:49:50,584 INF progress: Copy /resolv.conf to sysroot
21:49:50,585 DBG installation: Task completed: Copy /resolv.conf to sysroot (13/17) (0.0 s)
21:49:50,586 INF installation: Task started: Find additional packages & run preInstall() (14/17)
21:49:50,589 DBG payload: added package requirement 'e2fsprogs' for storage, strong=True
21:49:50,590 DBG payload: no package requirement added for realm
21:49:50,591 DBG payload: no package requirement added for authselect
21:49:50,591 DBG payload: added package requirement 'firewalld' for firewall, strong=True
21:49:50,592 DBG payload: no package requirement added for network
21:49:50,593 DBG payload: no package requirement added for ntp
21:49:50,612 DBG payload: no group requirement added for language groups
21:49:50,638 DBG payload: added package requirement 'langpacks-en' for langpacks, strong=False
21:49:50,680 WRN payload: Platform group platform-kvm not available.
21:49:50,692 INF progress: Find additional packages & run preInstall()
21:49:50,693 DBG installation: Task completed: Find additional packages & run preInstall() (14/17) (0.1 s)
21:49:50,694 INF installation: Queue started: Payload installation (6/8)
21:49:50,695 INF progress: Installing.
21:49:50,696 INF installation: Task started: Install the payload (15/17)
21:49:50,698 INF progress: Starting package installation process
21:49:52,489 DBG payload: apply with result True called on requirements [('package', 'e2fsprogs', PayloadRequirement(id=e2fsprogs, reasons=[PayloadRequirementReason(reason='storage', strong=True)])), ('package', 'firewalld', PayloadRequirement(id=firewalld, reasons=[PayloadRequirementReason(reason='firewall', strong=True)])), ('package', 'langpacks-en', PayloadRequirement(id=langpacks-en, reasons=[PayloadRequirementReason(reason='langpacks', strong=False)]))]
21:49:54,752 INF progress: Preparing transaction from installation source
21:50:43,654 INF progress: Install the payload
21:50:43,655 DBG installation: Task completed: Install the payload (15/17) (53.0 s)
21:50:43,656 INF installation: Queue started: Late storage configuration (7/8)
21:50:43,657 INF progress: Configuring storage
21:50:43,658 INF installation: Task started: Write late storage (16/17)
21:50:43,659 INF progress: Write late storage
21:50:43,660 DBG installation: Task completed: Write late storage (16/17) (0.0 s)
21:50:43,661 INF installation: Queue started: Post-installation setup tasks (8/8)
21:50:43,662 INF progress: Performing post-installation setup tasks
21:50:43,663 INF installation: Task started: Run post-installation setup tasks (17/17)
21:50:43,694 DBG payload: The default target is already set.
21:50:43,696 INF payload: Installation requirements: [('package', 'e2fsprogs', PayloadRequirement(id=e2fsprogs, reasons=[PayloadRequirementReason(reason='storage', strong=True)])), ('package', 'firewalld', PayloadRequirement(id=firewalld, reasons=[PayloadRequirementReason(reason='firewall', strong=True)])), ('package', 'langpacks-en', PayloadRequirement(id=langpacks-en, reasons=[PayloadRequirementReason(reason='langpacks', strong=False)]))]
21:50:43,699 INF progress: Run post-installation setup tasks
21:50:43,700 DBG installation: Task completed: Run post-installation setup tasks (17/17) (0.0 s)
21:50:43,701 INF threading: Thread Done: AnaInstallThread (281472971502048)
21:50:43,703 INF threading: Running Thread: AnaConfigurationThread (281472954593760)
21:50:43,724 INF installation: Top-level task queue: Configuration queue
Number of task queues: 7
Number of tasks: 20
Task & task group listing:
 Task queue: Installed system configuration
  Task: Configure authselect
  Task: Configure SELinux
  Task: Configure first boot tasks
  Task: Configure services
  Task: Configure keyboard
  Task: Configure timezone
  Task: Configure language
  Task: Configure firewall
  Task: Configure X
  Task: Configure system purpose
 Task queue: Network configuration
  Task: Network configuration
 Task queue: User creation
  Task: Configure root
  Task: Configure user groups
  Task: Configure user
  Task: Configure SSH key
 Task queue: Anaconda addon configuration
  Task: Configure Anaconda addons
 Task queue: Initramfs generation
  Task: Generate initramfs
 Task queue: Post installation scripts
  Task: Run post installation scripts
 Task queue: Write configs and kickstarts
  Task: Store kickstarts
  Task: Store user interaction config
21:50:43,726 INF installation: Queue started: Installed system configuration (1/7)
21:50:43,728 INF progress: Configuring installed system
21:50:43,729 INF installation: Task started: Configure authselect (1/20)
21:50:43,742 DBG installation: Task completed: Configure authselect (1/20) (0.0 s)
21:50:43,743 INF progress: Configure authselect
21:50:43,744 INF installation: Task started: Configure SELinux (2/20)
21:50:43,754 ERR kickstart.kickstart.selinux: SELinux configuration failed: [Errno 2] No such file or directory: '/mnt/sysimage/etc/selinux/config'
21:50:43,757 DBG installation: Task completed: Configure SELinux (2/20) (0.0 s)
21:50:43,757 INF progress: Configure SELinux
21:50:43,758 INF installation: Task started: Configure first boot tasks (3/20)
21:50:43,768 DBG kickstart: The initial-setup.service service will be disabled.
21:50:43,799 DBG installation: Task completed: Configure first boot tasks (3/20) (0.0 s)
21:50:43,800 INF progress: Configure first boot tasks
21:50:43,801 INF installation: Task started: Configure services (4/20)
21:50:43,813 DBG kickstart: Disabling the service chronyd.
21:50:43,847 DBG installation: Task completed: Configure services (4/20) (0.0 s)
21:50:43,848 INF progress: Configure services
21:50:43,849 INF installation: Task started: Configure keyboard (5/20)
21:50:44,671 DBG installation: Task completed: Configure keyboard (5/20) (0.8 s)
21:50:44,671 INF progress: Configure keyboard
21:50:44,672 INF installation: Task started: Configure timezone (6/20)
21:50:44,816 DBG installation: Task completed: Configure timezone (6/20) (0.1 s)
21:50:44,817 INF progress: Configure timezone
21:50:44,818 INF installation: Task started: Configure language (7/20)
21:50:44,845 DBG installation: Task completed: Configure language (7/20) (0.0 s)
21:50:44,846 INF progress: Configure language
21:50:44,846 INF installation: Task started: Configure firewall (8/20)
21:50:44,886 DBG installation: Task completed: Configure firewall (8/20) (0.0 s)
21:50:44,886 INF progress: Configure firewall
21:50:44,887 INF installation: Task started: Configure X (9/20)
21:50:44,901 DBG kickstart: Using the default target multi-user.target.
21:50:44,901 DBG desktop: Setting systemd default target to: multi-user.target
21:50:44,903 DBG installation: Task completed: Configure X (9/20) (0.0 s)
21:50:44,903 INF progress: Configure X
21:50:44,904 INF installation: Task started: Configure system purpose (10/20)
21:50:44,931 DBG installation: Task completed: Configure system purpose (10/20) (0.0 s)
21:50:44,932 INF progress: Configure system purpose
21:50:44,933 INF installation: Queue started: Network configuration (2/7)
21:50:44,934 INF progress: Writing network configuration
21:50:44,935 INF installation: Task started: Network configuration (11/20)
21:50:44,991 DBG installation: Task completed: Network configuration (11/20) (0.1 s)
21:50:44,991 INF progress: Network configuration
21:50:44,992 INF installation: Queue started: User creation (3/7)
21:50:44,994 INF progress: Creating users
21:50:44,995 INF installation: Task started: Configure root (12/20)
21:50:45,019 INF users: user account root locked
21:50:45,094 DBG installation: Task completed: Configure root (12/20) (0.1 s)
21:50:45,095 INF progress: Configure root
21:50:45,096 INF installation: Task started: Configure user groups (13/20)
21:50:45,097 DBG installation: Task completed: Configure user groups (13/20) (0.0 s)
21:50:45,098 INF progress: Configure user groups
21:50:45,099 INF installation: Task started: Configure user (14/20)
21:50:45,100 DBG installation: Task completed: Configure user (14/20) (0.0 s)
21:50:45,101 INF progress: Configure user
21:50:45,102 INF installation: Task started: Configure SSH key (15/20)
21:50:45,102 DBG installation: Task completed: Configure SSH key (15/20) (0.0 s)
21:50:45,103 INF progress: Configure SSH key
21:50:45,104 INF installation: Queue started: Anaconda addon configuration (4/7)
21:50:45,106 INF progress: Configuring addons
21:50:45,107 INF installation: Task started: Configure Anaconda addons (16/20)
21:50:45,108 INF progress: Executing com_redhat_kdump addon
21:50:45,140 INF progress: Executing org_fedora_oscap addon
21:50:45,141 DBG installation: Task completed: Configure Anaconda addons (16/20) (0.0 s)
21:50:45,142 INF progress: Configure Anaconda addons
21:50:45,143 INF installation: Queue started: Initramfs generation (5/7)
21:50:45,145 INF progress: Generating initramfs
21:50:45,146 INF installation: Task started: Generate initramfs (17/20)
21:50:45,147 WRN payload: new-kernel-pkg does not exist - grubby wasn't installed?  using dracut instead.
21:50:45,151 DBG installation: Task completed: Generate initramfs (17/20) (0.0 s)
21:50:45,152 INF progress: Generate initramfs
21:50:45,153 INF installation: Queue started: Post installation scripts (6/7)
21:50:45,155 INF progress: Running post-installation scripts
21:50:45,155 INF installation: Task started: Run post installation scripts (18/20)
21:50:45,156 INF kickstart.script: Running kickstart %%post script(s)
