21:49:18,954 DBG ifcfg: content of files (network initialization):
21:49:18,955 DBG ifcfg: /etc/sysconfig/network-scripts/ifcfg-enp1s0:
21:49:18,956 DBG ifcfg:   # Generated by dracut initrd
21:49:18,957 DBG ifcfg:   NAME="enp1s0"
21:49:18,958 DBG ifcfg:   DEVICE="enp1s0"
21:49:18,958 DBG ifcfg:   ONBOOT=yes
21:49:18,959 DBG ifcfg:   NETBOOT=yes
21:49:18,960 DBG ifcfg:   UUID="4490684f-9c8a-4970-b94c-342a32c915c6"
21:49:18,961 DBG ifcfg:   IPV6INIT=yes
21:49:18,961 DBG ifcfg:   BOOTPROTO=dhcp
21:49:18,962 DBG ifcfg:   TYPE=Ethernet
21:49:18,983 DBG ifcfg: all settings: [{'802-3-ethernet': {'auto-negotiate': False, 'mac-address-blacklist': [], 's390-options': {}}, 'ipv6': {'addr-gen-mode': 0, 'address-data': [], 'addresses': [], 'dns': [], 'dns-search': [], 'method': 'auto', 'route-data': [], 'routes': []}, 'ipv4': {'address-data': [], 'addresses': [], 'dns': [], 'dns-search': [], 'method': 'auto', 'route-data': [], 'routes': []}, 'proxy': {}, 'connection': {'id': 'enp1s0', 'interface-name': 'enp1s0', 'permissions': [], 'timestamp': 1578952136, 'type': '802-3-ethernet', 'uuid': '4490684f-9c8a-4970-b94c-342a32c915c6'}}]
21:49:19,286 DBG ifcfg: IfcfFile.read /etc/sysconfig/network-scripts/ifcfg-enp1s0
21:49:19,289 DBG ifcfg: IfcfFile.read /etc/sysconfig/network-scripts/ifcfg-enp1s0
21:49:19,291 DBG ifcfg: IfcfFile.read /etc/sysconfig/network-scripts/ifcfg-enp1s0
21:49:19,294 DBG ifcfg: IfcfFile.read /etc/sysconfig/network-scripts/ifcfg-enp1s0
21:49:19,297 DBG ifcfg: IfcfFile.read /etc/sysconfig/network-scripts/ifcfg-enp1s0
21:49:19,595 DBG ifcfg: content of files (kickstart pre section applied for devices ['enp1s0']):
21:49:19,596 DBG ifcfg: /etc/sysconfig/network-scripts/ifcfg-enp1s0:
21:49:19,597 DBG ifcfg:   # Generated by dracut initrd
21:49:19,597 DBG ifcfg:   NAME=enp1s0
21:49:19,598 DBG ifcfg:   DEVICE=enp1s0
21:49:19,599 DBG ifcfg:   ONBOOT=no
21:49:19,600 DBG ifcfg:   NETBOOT=yes
21:49:19,601 DBG ifcfg:   UUID=4490684f-9c8a-4970-b94c-342a32c915c6
21:49:19,602 DBG ifcfg:   IPV6INIT=yes
21:49:19,602 DBG ifcfg:   BOOTPROTO=dhcp
21:49:19,603 DBG ifcfg:   TYPE=Ethernet
21:49:19,604 DBG ifcfg:   PROXY_METHOD=none
21:49:19,605 DBG ifcfg:   BROWSER_ONLY=no
21:49:19,606 DBG ifcfg:   DEFROUTE=yes
21:49:19,607 DBG ifcfg:   IPV4_FAILURE_FATAL=no
21:49:19,607 DBG ifcfg:   IPV6_AUTOCONF=yes
21:49:19,608 DBG ifcfg:   IPV6_DEFROUTE=yes
21:49:19,609 DBG ifcfg:   IPV6_FAILURE_FATAL=no
21:49:19,634 DBG ifcfg: all settings: [{'802-3-ethernet': {'auto-negotiate': False, 'mac-address-blacklist': [], 's390-options': {}}, 'ipv6': {'addr-gen-mode': 0, 'address-data': [], 'addresses': [], 'dns': [], 'dns-search': [], 'method': 'auto', 'route-data': [], 'routes': []}, 'ipv4': {'address-data': [], 'addresses': [], 'dns': [], 'dns-search': [], 'method': 'auto', 'route-data': [], 'routes': []}, 'proxy': {}, 'connection': {'autoconnect': False, 'id': 'enp1s0', 'interface-name': 'enp1s0', 'permissions': [], 'timestamp': 1578952159, 'type': '802-3-ethernet', 'uuid': '4490684f-9c8a-4970-b94c-342a32c915c6'}}]
21:49:19,941 DBG ifcfg: IfcfFile.read /etc/sysconfig/network-scripts/ifcfg-enp1s0
21:49:19,946 DBG ifcfg: IfcfFile.read /etc/sysconfig/network-scripts/ifcfg-enp1s0
21:49:19,950 DBG ifcfg: IfcfFile.read /etc/sysconfig/network-scripts/ifcfg-enp1s0
21:49:19,954 DBG ifcfg: IfcfFile.read /etc/sysconfig/network-scripts/ifcfg-enp1s0
21:49:19,958 DBG ifcfg: IfcfFile.read /etc/sysconfig/network-scripts/ifcfg-enp1s0
21:49:20,143 DBG ifcfg: IfcfFile.read /etc/sysconfig/network-scripts/ifcfg-enp1s0
21:49:20,147 DBG ifcfg: IfcfFile.read /etc/sysconfig/network-scripts/ifcfg-enp1s0
21:49:20,150 DBG ifcfg: IfcfFile.read /etc/sysconfig/network-scripts/ifcfg-enp1s0
21:49:20,154 DBG ifcfg: IfcfFile.read /etc/sysconfig/network-scripts/ifcfg-enp1s0
21:49:20,158 DBG ifcfg: IfcfFile.read /etc/sysconfig/network-scripts/ifcfg-enp1s0
21:49:20,161 DBG ifcfg: IfcfFile.read /etc/sysconfig/network-scripts/ifcfg-enp1s0
21:49:20,165 DBG ifcfg: IfcfgFile.set /etc/sysconfig/network-scripts/ifcfg-enp1s0: (('ONBOOT', 'yes'),)
21:49:20,168 DBG ifcfg: IfcfgFile.write /etc/sysconfig/network-scripts/ifcfg-enp1s0:
# Generated by dracut initrd
NAME="enp1s0"
DEVICE="enp1s0"
ONBOOT="yes"
NETBOOT="yes"
UUID="4490684f-9c8a-4970-b94c-342a32c915c6"
IPV6INIT="yes"
BOOTPROTO="dhcp"
TYPE="Ethernet"
PROXY_METHOD="none"
BROWSER_ONLY="no"
DEFROUTE="yes"
IPV4_FAILURE_FATAL="no"
IPV6_AUTOCONF="yes"
IPV6_DEFROUTE="yes"
IPV6_FAILURE_FATAL="no"

21:49:20,173 DBG ifcfg: content of files (real kickstart ONBOOT value set for devices ['enp1s0']):
21:49:20,174 DBG ifcfg: /etc/sysconfig/network-scripts/ifcfg-enp1s0:
21:49:20,175 DBG ifcfg:   # Generated by dracut initrd
21:49:20,175 DBG ifcfg:   NAME="enp1s0"
21:49:20,176 DBG ifcfg:   DEVICE="enp1s0"
21:49:20,177 DBG ifcfg:   ONBOOT="yes"
21:49:20,178 DBG ifcfg:   NETBOOT="yes"
21:49:20,178 DBG ifcfg:   UUID="4490684f-9c8a-4970-b94c-342a32c915c6"
21:49:20,179 DBG ifcfg:   IPV6INIT="yes"
21:49:20,180 DBG ifcfg:   BOOTPROTO="dhcp"
21:49:20,180 DBG ifcfg:   TYPE="Ethernet"
21:49:20,181 DBG ifcfg:   PROXY_METHOD="none"
21:49:20,182 DBG ifcfg:   BROWSER_ONLY="no"
21:49:20,183 DBG ifcfg:   DEFROUTE="yes"
21:49:20,183 DBG ifcfg:   IPV4_FAILURE_FATAL="no"
21:49:20,184 DBG ifcfg:   IPV6_AUTOCONF="yes"
21:49:20,185 DBG ifcfg:   IPV6_DEFROUTE="yes"
21:49:20,186 DBG ifcfg:   IPV6_FAILURE_FATAL="no"
21:49:20,207 DBG ifcfg: all settings: [{'802-3-ethernet': {'auto-negotiate': False, 'mac-address-blacklist': [], 's390-options': {}}, 'ipv6': {'addr-gen-mode': 0, 'address-data': [], 'addresses': [], 'dns': [], 'dns-search': [], 'method': 'auto', 'route-data': [], 'routes': []}, 'ipv4': {'address-data': [], 'addresses': [], 'dns': [], 'dns-search': [], 'method': 'auto', 'route-data': [], 'routes': []}, 'proxy': {}, 'connection': {'autoconnect': False, 'id': 'enp1s0', 'interface-name': 'enp1s0', 'permissions': [], 'timestamp': 1578952159, 'type': '802-3-ethernet', 'uuid': '4490684f-9c8a-4970-b94c-342a32c915c6'}}]
21:49:24,928 DBG ifcfg: IfcfFile.read /etc/sysconfig/network-scripts/ifcfg-enp1s0
21:49:24,933 DBG ifcfg: IfcfFile.read /etc/sysconfig/network-scripts/ifcfg-enp1s0
21:49:24,938 DBG ifcfg: IfcfFile.read /etc/sysconfig/network-scripts/ifcfg-enp1s0
21:49:24,943 DBG ifcfg: IfcfFile.read /etc/sysconfig/network-scripts/ifcfg-enp1s0
21:49:24,948 DBG ifcfg: IfcfFile.read /etc/sysconfig/network-scripts/ifcfg-enp1s0
